<?xml version="1.0" encoding="UTF-8"?>
<!-- Generated by org.testng.reporters.JUnitReportReporter -->
<testsuite hostname="DESKTOP-1ILS8EV" failures="0" tests="1" name="runner.CucumberRunner" time="5.039" errors="0" timestamp="2024-09-02T13:30:04 IST" skipped="0">
  <testcase classname="runner.CucumberRunner" name="runScenario" time="5.039"/>
</testsuite> <!-- runner.CucumberRunner -->
